Build started 29.3.2022 г. 11:11:00 ч..
     1>Project "H:\OOP\Exercises\PersonAndStudent\PersonAndStudent\PersonAndStudent.vcxproj" on node 2 (build target(s)).
     1>InitializeBuildStatus:
         Creating "Debug\PersonAndStudent.unsuccessfulbuild" because "AlwaysCreate" was specified.
       ClCompile:
         All outputs are up-to-date.
         C:\Program Files (x86)\Microsoft Visual Studio 10.0\VC\bin\CL.exe /c /ZI /nologo /W3 /WX- /Od /Oy- /D WIN32 /D _DEBUG /D _CONSOLE /D _UNICODE /D UNICODE /Gm /EHsc /RTC1 /MDd /GS /fp:precise /Zc:wchar_t /Zc:forScope /Yu"StdAfx.h" /Fp"Debug\PersonAndStudent.pch" /Fo"Debug\\" /Fd"Debug\vc100.pdb" /Gd /TP /analyze- /errorReport:prompt PersonAndStudent.cpp
         PersonAndStudent.cpp
       ManifestResourceCompile:
         C:\Program Files (x86)\Microsoft SDKs\Windows\v7.0A\bin\rc.exe /nologo /fo"Debug\PersonAndStudent.exe.embed.manifest.res" Debug\PersonAndStudent_manifest.rc 
       Link:
         C:\Program Files (x86)\Microsoft Visual Studio 10.0\VC\bin\link.exe /ERRORREPORT:PROMPT /OUT:"H:\OOP\Exercises\PersonAndStudent\Debug\PersonAndStudent.exe" /INCREMENTAL /NOLOGO kernel32.lib user32.lib gdi32.lib winspool.lib comdlg32.lib advapi32.lib shell32.lib ole32.lib oleaut32.lib uuid.lib odbc32.lib odbccp32.lib /MANIFEST /ManifestFile:"Debug\PersonAndStudent.exe.intermediate.manifest" /MANIFESTUAC:"level='asInvoker' uiAccess='false'" /DEBUG /PDB:"H:\OOP\Exercises\PersonAndStudent\Debug\PersonAndStudent.pdb" /SUBSYSTEM:CONSOLE /TLBID:1 /DYNAMICBASE /NXCOMPAT /IMPLIB:"H:\OOP\Exercises\PersonAndStudent\Debug\PersonAndStudent.lib" /MACHINE:X86 Debug\PersonAndStudent.exe.embed.manifest.res
         Debug\Group.obj
         Debug\Person.obj
         Debug\PersonAndStudent.obj
         Debug\stdafx.obj
         Debug\Student.obj
         Debug\StudentsGroup.obj
       Manifest:
         C:\Program Files (x86)\Microsoft SDKs\Windows\v7.0A\bin\mt.exe /nologo /verbose /out:"Debug\PersonAndStudent.exe.embed.manifest" /manifest Debug\PersonAndStudent.exe.intermediate.manifest
         C:\Program Files (x86)\Microsoft SDKs\Windows\v7.0A\bin\rc.exe /nologo /fo"Debug\PersonAndStudent.exe.embed.manifest.res" Debug\PersonAndStudent_manifest.rc 
       LinkEmbedManifest:
         C:\Program Files (x86)\Microsoft Visual Studio 10.0\VC\bin\link.exe /ERRORREPORT:PROMPT /OUT:"H:\OOP\Exercises\PersonAndStudent\Debug\PersonAndStudent.exe" /INCREMENTAL /NOLOGO kernel32.lib user32.lib gdi32.lib winspool.lib comdlg32.lib advapi32.lib shell32.lib ole32.lib oleaut32.lib uuid.lib odbc32.lib odbccp32.lib /MANIFEST /ManifestFile:"Debug\PersonAndStudent.exe.intermediate.manifest" /MANIFESTUAC:"level='asInvoker' uiAccess='false'" /DEBUG /PDB:"H:\OOP\Exercises\PersonAndStudent\Debug\PersonAndStudent.pdb" /SUBSYSTEM:CONSOLE /TLBID:1 /DYNAMICBASE /NXCOMPAT /IMPLIB:"H:\OOP\Exercises\PersonAndStudent\Debug\PersonAndStudent.lib" /MACHINE:X86 Debug\PersonAndStudent.exe.embed.manifest.res
         Debug\Group.obj
         Debug\Person.obj
         Debug\PersonAndStudent.obj
         Debug\stdafx.obj
         Debug\Student.obj
         Debug\StudentsGroup.obj
         PersonAndStudent.vcxproj -> H:\OOP\Exercises\PersonAndStudent\Debug\PersonAndStudent.exe
       FinalizeBuildStatus:
         Deleting file "Debug\PersonAndStudent.unsuccessfulbuild".
         Touching "Debug\PersonAndStudent.lastbuildstate".
     1>Done Building Project "H:\OOP\Exercises\PersonAndStudent\PersonAndStudent\PersonAndStudent.vcxproj" (build target(s)).

Build succeeded.

Time Elapsed 00:00:05.85
