H:\OOP\Exercises\Polymorphism\Debug\Polymorphism.exe
H:\OOP\Exercises\Polymorphism\Debug\Polymorphism.ilk
H:\OOP\EXERCISES\POLYMORPHISM\DEBUG\POLYMORPHISM.PDB
H:\OOP\Exercises\Polymorphism\Polymorphism\Debug\cl.command.1.tlog
H:\OOP\Exercises\Polymorphism\Polymorphism\Debug\CL.read.1.tlog
H:\OOP\Exercises\Polymorphism\Polymorphism\Debug\CL.write.1.tlog
H:\OOP\Exercises\Polymorphism\Polymorphism\Debug\Figure.obj
H:\OOP\Exercises\Polymorphism\Polymorphism\Debug\link.command.1.tlog
H:\OOP\Exercises\Polymorphism\Polymorphism\Debug\link.read.1.tlog
H:\OOP\Exercises\Polymorphism\Polymorphism\Debug\link.write.1.tlog
H:\OOP\Exercises\Polymorphism\Polymorphism\Debug\link-cvtres.read.1.tlog
H:\OOP\Exercises\Polymorphism\Polymorphism\Debug\link-cvtres.write.1.tlog
H:\OOP\Exercises\Polymorphism\Polymorphism\Debug\mt.command.1.tlog
H:\OOP\Exercises\Polymorphism\Polymorphism\Debug\mt.read.1.tlog
H:\OOP\Exercises\Polymorphism\Polymorphism\Debug\mt.write.1.tlog
H:\OOP\Exercises\Polymorphism\Polymorphism\Debug\Polymorphism.exe.embed.manifest
H:\OOP\Exercises\Polymorphism\Polymorphism\Debug\Polymorphism.exe.embed.manifest.res
H:\OOP\Exercises\Polymorphism\Polymorphism\Debug\Polymorphism.exe.intermediate.manifest
H:\OOP\Exercises\Polymorphism\Polymorphism\Debug\Polymorphism.obj
H:\OOP\Exercises\Polymorphism\Polymorphism\Debug\Polymorphism.pch
H:\OOP\Exercises\Polymorphism\Polymorphism\Debug\Polymorphism.write.1.tlog
H:\OOP\Exercises\Polymorphism\Polymorphism\Debug\Polymorphism_manifest.rc
H:\OOP\Exercises\Polymorphism\Polymorphism\Debug\rc.command.1.tlog
H:\OOP\Exercises\Polymorphism\Polymorphism\Debug\rc.read.1.tlog
H:\OOP\Exercises\Polymorphism\Polymorphism\Debug\rc.write.1.tlog
H:\OOP\Exercises\Polymorphism\Polymorphism\Debug\Rectangle.obj
H:\OOP\Exercises\Polymorphism\Polymorphism\Debug\stdafx.obj
H:\OOP\Exercises\Polymorphism\Polymorphism\Debug\Triangle.obj
H:\OOP\Exercises\Polymorphism\Polymorphism\Debug\vc100.idb
H:\OOP\EXERCISES\POLYMORPHISM\POLYMORPHISM\DEBUG\VC100.PDB
