Build started 19.4.2022 г. 10:30:34 ч..
     1>Project "H:\OOP\Exercises\Polymorphism\Polymorphism\Polymorphism.vcxproj" on node 2 (rebuild target(s)).
     1>_PrepareForClean:
         Deleting file "Debug\Polymorphism.lastbuildstate".
       InitializeBuildStatus:
         Creating "Debug\Polymorphism.unsuccessfulbuild" because "AlwaysCreate" was specified.
       ClCompile:
         C:\Program Files (x86)\Microsoft Visual Studio 10.0\VC\bin\CL.exe /c /ZI /nologo /W3 /WX- /Od /Oy- /D WIN32 /D _DEBUG /D _CONSOLE /D _UNICODE /D UNICODE /Gm /EHsc /RTC1 /MDd /GS /fp:precise /Zc:wchar_t /Zc:forScope /Yc"StdAfx.h" /Fp"Debug\Polymorphism.pch" /Fo"Debug\\" /Fd"Debug\vc100.pdb" /Gd /TP /analyze- /errorReport:prompt stdafx.cpp
         stdafx.cpp
         C:\Program Files (x86)\Microsoft Visual Studio 10.0\VC\bin\CL.exe /c /ZI /nologo /W3 /WX- /Od /Oy- /D WIN32 /D _DEBUG /D _CONSOLE /D _UNICODE /D UNICODE /Gm /EHsc /RTC1 /MDd /GS /fp:precise /Zc:wchar_t /Zc:forScope /Yu"StdAfx.h" /Fp"Debug\Polymorphism.pch" /Fo"Debug\\" /Fd"Debug\vc100.pdb" /Gd /TP /analyze- /errorReport:prompt Figure.cpp Polymorphism.cpp Rectangle.cpp Triangle.cpp
         Triangle.cpp
         Rectangle.cpp
         Polymorphism.cpp
         Figure.cpp
         Generating Code...
       ManifestResourceCompile:
         C:\Program Files (x86)\Microsoft SDKs\Windows\v7.0A\bin\rc.exe /nologo /fo"Debug\Polymorphism.exe.embed.manifest.res" Debug\Polymorphism_manifest.rc 
       Link:
         C:\Program Files (x86)\Microsoft Visual Studio 10.0\VC\bin\link.exe /ERRORREPORT:PROMPT /OUT:"H:\OOP\Exercises\Polymorphism\Debug\Polymorphism.exe" /INCREMENTAL /NOLOGO kernel32.lib user32.lib gdi32.lib winspool.lib comdlg32.lib advapi32.lib shell32.lib ole32.lib oleaut32.lib uuid.lib odbc32.lib odbccp32.lib /MANIFEST /ManifestFile:"Debug\Polymorphism.exe.intermediate.manifest" /MANIFESTUAC:"level='asInvoker' uiAccess='false'" /DEBUG /PDB:"H:\OOP\Exercises\Polymorphism\Debug\Polymorphism.pdb" /SUBSYSTEM:CONSOLE /TLBID:1 /DYNAMICBASE /NXCOMPAT /IMPLIB:"H:\OOP\Exercises\Polymorphism\Debug\Polymorphism.lib" /MACHINE:X86 Debug\Polymorphism.exe.embed.manifest.res
         Debug\Figure.obj
         Debug\Polymorphism.obj
         Debug\Rectangle.obj
         Debug\stdafx.obj
         Debug\Triangle.obj
       Manifest:
         Deleting file "Debug\Polymorphism.exe.embed.manifest".
         C:\Program Files (x86)\Microsoft SDKs\Windows\v7.0A\bin\mt.exe /nologo /verbose /out:"Debug\Polymorphism.exe.embed.manifest" /manifest Debug\Polymorphism.exe.intermediate.manifest
         C:\Program Files (x86)\Microsoft SDKs\Windows\v7.0A\bin\rc.exe /nologo /fo"Debug\Polymorphism.exe.embed.manifest.res" Debug\Polymorphism_manifest.rc 
       LinkEmbedManifest:
         C:\Program Files (x86)\Microsoft Visual Studio 10.0\VC\bin\link.exe /ERRORREPORT:PROMPT /OUT:"H:\OOP\Exercises\Polymorphism\Debug\Polymorphism.exe" /INCREMENTAL /NOLOGO kernel32.lib user32.lib gdi32.lib winspool.lib comdlg32.lib advapi32.lib shell32.lib ole32.lib oleaut32.lib uuid.lib odbc32.lib odbccp32.lib /MANIFEST /ManifestFile:"Debug\Polymorphism.exe.intermediate.manifest" /MANIFESTUAC:"level='asInvoker' uiAccess='false'" /DEBUG /PDB:"H:\OOP\Exercises\Polymorphism\Debug\Polymorphism.pdb" /SUBSYSTEM:CONSOLE /TLBID:1 /DYNAMICBASE /NXCOMPAT /IMPLIB:"H:\OOP\Exercises\Polymorphism\Debug\Polymorphism.lib" /MACHINE:X86 Debug\Polymorphism.exe.embed.manifest.res
         Debug\Figure.obj
         Debug\Polymorphism.obj
         Debug\Rectangle.obj
         Debug\stdafx.obj
         Debug\Triangle.obj
         Polymorphism.vcxproj -> H:\OOP\Exercises\Polymorphism\Debug\Polymorphism.exe
       FinalizeBuildStatus:
         Deleting file "Debug\Polymorphism.unsuccessfulbuild".
         Touching "Debug\Polymorphism.lastbuildstate".
     1>Done Building Project "H:\OOP\Exercises\Polymorphism\Polymorphism\Polymorphism.vcxproj" (rebuild target(s)).

Build succeeded.

Time Elapsed 00:00:07.22
