Build started 3.5.2022 г. 10:57:34 ч..
     1>Project "H:\OOP\Exercises\GameOOP3May\GameOOP3May\GameOOP3May.vcxproj" on node 2 (build target(s)).
     1>InitializeBuildStatus:
         Creating "Debug\GameOOP3May.unsuccessfulbuild" because "AlwaysCreate" was specified.
       ClCompile:
         All outputs are up-to-date.
         All outputs are up-to-date.
       ManifestResourceCompile:
         C:\Program Files (x86)\Microsoft SDKs\Windows\v7.0A\bin\rc.exe /nologo /fo"Debug\GameOOP3May.exe.embed.manifest.res" Debug\GameOOP3May_manifest.rc 
       Link:
         C:\Program Files (x86)\Microsoft Visual Studio 10.0\VC\bin\link.exe /ERRORREPORT:PROMPT /OUT:"H:\OOP\Exercises\GameOOP3May\Debug\GameOOP3May.exe" /INCREMENTAL /NOLOGO kernel32.lib user32.lib gdi32.lib winspool.lib comdlg32.lib advapi32.lib shell32.lib ole32.lib oleaut32.lib uuid.lib odbc32.lib odbccp32.lib /MANIFEST /ManifestFile:"Debug\GameOOP3May.exe.intermediate.manifest" /MANIFESTUAC:"level='asInvoker' uiAccess='false'" /DEBUG /PDB:"H:\OOP\Exercises\GameOOP3May\Debug\GameOOP3May.pdb" /SUBSYSTEM:CONSOLE /TLBID:1 /DYNAMICBASE /NXCOMPAT /IMPLIB:"H:\OOP\Exercises\GameOOP3May\Debug\GameOOP3May.lib" /MACHINE:X86 Debug\GameOOP3May.exe.embed.manifest.res
         Debug\Game.obj
         Debug\GameObject.obj
         Debug\GameOOP3May.obj
         Debug\Goods.obj
         Debug\Player.obj
         Debug\stdafx.obj
         Debug\Trap.obj
       Manifest:
         C:\Program Files (x86)\Microsoft SDKs\Windows\v7.0A\bin\mt.exe /nologo /verbose /out:"Debug\GameOOP3May.exe.embed.manifest" /manifest Debug\GameOOP3May.exe.intermediate.manifest
         C:\Program Files (x86)\Microsoft SDKs\Windows\v7.0A\bin\rc.exe /nologo /fo"Debug\GameOOP3May.exe.embed.manifest.res" Debug\GameOOP3May_manifest.rc 
       LinkEmbedManifest:
         C:\Program Files (x86)\Microsoft Visual Studio 10.0\VC\bin\link.exe /ERRORREPORT:PROMPT /OUT:"H:\OOP\Exercises\GameOOP3May\Debug\GameOOP3May.exe" /INCREMENTAL /NOLOGO kernel32.lib user32.lib gdi32.lib winspool.lib comdlg32.lib advapi32.lib shell32.lib ole32.lib oleaut32.lib uuid.lib odbc32.lib odbccp32.lib /MANIFEST /ManifestFile:"Debug\GameOOP3May.exe.intermediate.manifest" /MANIFESTUAC:"level='asInvoker' uiAccess='false'" /DEBUG /PDB:"H:\OOP\Exercises\GameOOP3May\Debug\GameOOP3May.pdb" /SUBSYSTEM:CONSOLE /TLBID:1 /DYNAMICBASE /NXCOMPAT /IMPLIB:"H:\OOP\Exercises\GameOOP3May\Debug\GameOOP3May.lib" /MACHINE:X86 Debug\GameOOP3May.exe.embed.manifest.res
         Debug\Game.obj
         Debug\GameObject.obj
         Debug\GameOOP3May.obj
         Debug\Goods.obj
         Debug\Player.obj
         Debug\stdafx.obj
         Debug\Trap.obj
         GameOOP3May.vcxproj -> H:\OOP\Exercises\GameOOP3May\Debug\GameOOP3May.exe
       FinalizeBuildStatus:
         Deleting file "Debug\GameOOP3May.unsuccessfulbuild".
         Touching "Debug\GameOOP3May.lastbuildstate".
     1>Done Building Project "H:\OOP\Exercises\GameOOP3May\GameOOP3May\GameOOP3May.vcxproj" (build target(s)).

Build succeeded.

Time Elapsed 00:00:04.49
