Build started 5.4.2022 г. 10:55:00 ч..
     1>Project "H:\OOP\Exercises\KursovaZadacha1\KursovaZadacha1\KursovaZadacha1.vcxproj" on node 2 (build target(s)).
     1>InitializeBuildStatus:
         Creating "Debug\KursovaZadacha1.unsuccessfulbuild" because "AlwaysCreate" was specified.
       ClCompile:
         All outputs are up-to-date.
         All outputs are up-to-date.
       ManifestResourceCompile:
         C:\Program Files (x86)\Microsoft SDKs\Windows\v7.0A\bin\rc.exe /nologo /fo"Debug\KursovaZadacha1.exe.embed.manifest.res" Debug\KursovaZadacha1_manifest.rc 
       Link:
         C:\Program Files (x86)\Microsoft Visual Studio 10.0\VC\bin\link.exe /ERRORREPORT:PROMPT /OUT:"H:\OOP\Exercises\KursovaZadacha1\Debug\KursovaZadacha1.exe" /INCREMENTAL /NOLOGO kernel32.lib user32.lib gdi32.lib winspool.lib comdlg32.lib advapi32.lib shell32.lib ole32.lib oleaut32.lib uuid.lib odbc32.lib odbccp32.lib /MANIFEST /ManifestFile:"Debug\KursovaZadacha1.exe.intermediate.manifest" /MANIFESTUAC:"level='asInvoker' uiAccess='false'" /DEBUG /PDB:"H:\OOP\Exercises\KursovaZadacha1\Debug\KursovaZadacha1.pdb" /SUBSYSTEM:CONSOLE /TLBID:1 /DYNAMICBASE /NXCOMPAT /IMPLIB:"H:\OOP\Exercises\KursovaZadacha1\Debug\KursovaZadacha1.lib" /MACHINE:X86 Debug\KursovaZadacha1.exe.embed.manifest.res
         Debug\Guest.obj
         Debug\KursovaZadacha1.obj
         Debug\stdafx.obj
       Manifest:
         C:\Program Files (x86)\Microsoft SDKs\Windows\v7.0A\bin\mt.exe /nologo /verbose /out:"Debug\KursovaZadacha1.exe.embed.manifest" /manifest Debug\KursovaZadacha1.exe.intermediate.manifest
         C:\Program Files (x86)\Microsoft SDKs\Windows\v7.0A\bin\rc.exe /nologo /fo"Debug\KursovaZadacha1.exe.embed.manifest.res" Debug\KursovaZadacha1_manifest.rc 
       LinkEmbedManifest:
         C:\Program Files (x86)\Microsoft Visual Studio 10.0\VC\bin\link.exe /ERRORREPORT:PROMPT /OUT:"H:\OOP\Exercises\KursovaZadacha1\Debug\KursovaZadacha1.exe" /INCREMENTAL /NOLOGO kernel32.lib user32.lib gdi32.lib winspool.lib comdlg32.lib advapi32.lib shell32.lib ole32.lib oleaut32.lib uuid.lib odbc32.lib odbccp32.lib /MANIFEST /ManifestFile:"Debug\KursovaZadacha1.exe.intermediate.manifest" /MANIFESTUAC:"level='asInvoker' uiAccess='false'" /DEBUG /PDB:"H:\OOP\Exercises\KursovaZadacha1\Debug\KursovaZadacha1.pdb" /SUBSYSTEM:CONSOLE /TLBID:1 /DYNAMICBASE /NXCOMPAT /IMPLIB:"H:\OOP\Exercises\KursovaZadacha1\Debug\KursovaZadacha1.lib" /MACHINE:X86 Debug\KursovaZadacha1.exe.embed.manifest.res
         Debug\Guest.obj
         Debug\KursovaZadacha1.obj
         Debug\stdafx.obj
         KursovaZadacha1.vcxproj -> H:\OOP\Exercises\KursovaZadacha1\Debug\KursovaZadacha1.exe
       FinalizeBuildStatus:
         Deleting file "Debug\KursovaZadacha1.unsuccessfulbuild".
         Touching "Debug\KursovaZadacha1.lastbuildstate".
     1>Done Building Project "H:\OOP\Exercises\KursovaZadacha1\KursovaZadacha1\KursovaZadacha1.vcxproj" (build target(s)).

Build succeeded.

Time Elapsed 00:00:03.53
