H:\OOP\Exercises\KursovaZadacha1\Debug\KursovaZadacha1.exe
H:\OOP\Exercises\KursovaZadacha1\Debug\KursovaZadacha1.ilk
H:\OOP\EXERCISES\KURSOVAZADACHA1\DEBUG\KURSOVAZADACHA1.PDB
H:\OOP\Exercises\KursovaZadacha1\KursovaZadacha1\Debug\cl.command.1.tlog
H:\OOP\Exercises\KursovaZadacha1\KursovaZadacha1\Debug\CL.read.1.tlog
H:\OOP\Exercises\KursovaZadacha1\KursovaZadacha1\Debug\CL.write.1.tlog
H:\OOP\Exercises\KursovaZadacha1\KursovaZadacha1\Debug\Guest.obj
H:\OOP\Exercises\KursovaZadacha1\KursovaZadacha1\Debug\KursovaZadacha1.exe.embed.manifest
H:\OOP\Exercises\KursovaZadacha1\KursovaZadacha1\Debug\KursovaZadacha1.exe.embed.manifest.res
H:\OOP\Exercises\KursovaZadacha1\KursovaZadacha1\Debug\KursovaZadacha1.exe.intermediate.manifest
H:\OOP\Exercises\KursovaZadacha1\KursovaZadacha1\Debug\KursovaZadacha1.obj
H:\OOP\Exercises\KursovaZadacha1\KursovaZadacha1\Debug\KursovaZadacha1.pch
H:\OOP\Exercises\KursovaZadacha1\KursovaZadacha1\Debug\KursovaZadacha1.write.1.tlog
H:\OOP\Exercises\KursovaZadacha1\KursovaZadacha1\Debug\KursovaZadacha1_manifest.rc
H:\OOP\Exercises\KursovaZadacha1\KursovaZadacha1\Debug\link.5048.read.1.tlog
H:\OOP\Exercises\KursovaZadacha1\KursovaZadacha1\Debug\link.5048.write.1.tlog
H:\OOP\Exercises\KursovaZadacha1\KursovaZadacha1\Debug\link.5048-cvtres.read.1.tlog
H:\OOP\Exercises\KursovaZadacha1\KursovaZadacha1\Debug\link.5048-cvtres.write.1.tlog
H:\OOP\Exercises\KursovaZadacha1\KursovaZadacha1\Debug\link.command.1.tlog
H:\OOP\Exercises\KursovaZadacha1\KursovaZadacha1\Debug\link.read.1.tlog
H:\OOP\Exercises\KursovaZadacha1\KursovaZadacha1\Debug\link.write.1.tlog
H:\OOP\Exercises\KursovaZadacha1\KursovaZadacha1\Debug\link-cvtres.read.1.tlog
H:\OOP\Exercises\KursovaZadacha1\KursovaZadacha1\Debug\link-cvtres.write.1.tlog
H:\OOP\Exercises\KursovaZadacha1\KursovaZadacha1\Debug\mt.command.1.tlog
H:\OOP\Exercises\KursovaZadacha1\KursovaZadacha1\Debug\mt.read.1.tlog
H:\OOP\Exercises\KursovaZadacha1\KursovaZadacha1\Debug\mt.write.1.tlog
H:\OOP\Exercises\KursovaZadacha1\KursovaZadacha1\Debug\rc.command.1.tlog
H:\OOP\Exercises\KursovaZadacha1\KursovaZadacha1\Debug\rc.read.1.tlog
H:\OOP\Exercises\KursovaZadacha1\KursovaZadacha1\Debug\rc.write.1.tlog
H:\OOP\Exercises\KursovaZadacha1\KursovaZadacha1\Debug\stdafx.obj
H:\OOP\Exercises\KursovaZadacha1\KursovaZadacha1\Debug\vc100.idb
H:\OOP\EXERCISES\KURSOVAZADACHA1\KURSOVAZADACHA1\DEBUG\VC100.PDB
