H:\OOP\Exercises\Pharmacy\Debug\Pharmacy.exe
H:\OOP\Exercises\Pharmacy\Debug\Pharmacy.ilk
H:\OOP\EXERCISES\PHARMACY\DEBUG\PHARMACY.PDB
H:\OOP\Exercises\Pharmacy\Pharmacy\Debug\cl.command.1.tlog
H:\OOP\Exercises\Pharmacy\Pharmacy\Debug\CL.read.1.tlog
H:\OOP\Exercises\Pharmacy\Pharmacy\Debug\CL.write.1.tlog
H:\OOP\Exercises\Pharmacy\Pharmacy\Debug\Date.obj
H:\OOP\Exercises\Pharmacy\Pharmacy\Debug\link.4788.read.1.tlog
H:\OOP\Exercises\Pharmacy\Pharmacy\Debug\link.4788.write.1.tlog
H:\OOP\Exercises\Pharmacy\Pharmacy\Debug\link.4788-cvtres.read.1.tlog
H:\OOP\Exercises\Pharmacy\Pharmacy\Debug\link.4788-cvtres.write.1.tlog
H:\OOP\Exercises\Pharmacy\Pharmacy\Debug\link.command.1.tlog
H:\OOP\Exercises\Pharmacy\Pharmacy\Debug\link.read.1.tlog
H:\OOP\Exercises\Pharmacy\Pharmacy\Debug\link.write.1.tlog
H:\OOP\Exercises\Pharmacy\Pharmacy\Debug\link-cvtres.read.1.tlog
H:\OOP\Exercises\Pharmacy\Pharmacy\Debug\link-cvtres.write.1.tlog
H:\OOP\Exercises\Pharmacy\Pharmacy\Debug\Medicine.obj
H:\OOP\Exercises\Pharmacy\Pharmacy\Debug\mt.command.1.tlog
H:\OOP\Exercises\Pharmacy\Pharmacy\Debug\mt.read.1.tlog
H:\OOP\Exercises\Pharmacy\Pharmacy\Debug\mt.write.1.tlog
H:\OOP\Exercises\Pharmacy\Pharmacy\Debug\Pharmacy.exe.embed.manifest
H:\OOP\Exercises\Pharmacy\Pharmacy\Debug\Pharmacy.exe.embed.manifest.res
H:\OOP\Exercises\Pharmacy\Pharmacy\Debug\Pharmacy.exe.intermediate.manifest
H:\OOP\Exercises\Pharmacy\Pharmacy\Debug\Pharmacy.obj
H:\OOP\Exercises\Pharmacy\Pharmacy\Debug\Pharmacy.pch
H:\OOP\Exercises\Pharmacy\Pharmacy\Debug\Pharmacy.write.1.tlog
H:\OOP\Exercises\Pharmacy\Pharmacy\Debug\Pharmacy_manifest.rc
H:\OOP\Exercises\Pharmacy\Pharmacy\Debug\rc.command.1.tlog
H:\OOP\Exercises\Pharmacy\Pharmacy\Debug\rc.read.1.tlog
H:\OOP\Exercises\Pharmacy\Pharmacy\Debug\rc.write.1.tlog
H:\OOP\Exercises\Pharmacy\Pharmacy\Debug\stdafx.obj
H:\OOP\Exercises\Pharmacy\Pharmacy\Debug\vc100.idb
H:\OOP\EXERCISES\PHARMACY\PHARMACY\DEBUG\VC100.PDB
